Dumping video Debbie_night_bridge_01.mpeg
Dumping video Wen-Ling_night_bridge_01.mpeg
Dumping video Debbie_night_bridge_01.mpeg
Dumping video Wen-Ling_night_bridge_01.mpeg
Dumping video Debbie_night_bridge_01.mpeg
Dumping video Wen-Ling_night_bridge_01.mpeg
Dumping video Debbie_night_bridge_01.mpeg
Dumping video Wen-Ling_night_bridge_01.mpeg
Dumping video Debbie_night_bridge_01.mpeg
Dumping video Wen-Ling_night_bridge_01.mpeg
Dumping video Debbie_night_bridge_01.mpeg
Dumping video Wen-Ling_night_bridge_01.mpeg
Dumping video Debbie_night_bridge_01.mpeg
Dumping video Wen-Ling_night_bridge_01.mpeg
Dumping video Debbie_night_bridge_01.mpeg
Dumping video Wen-Ling_night_bridge_01.mpeg
Dumping video Debbie_night_bridge_01.mpeg
Dumping video Wen-Ling_night_bridge_01.mpeg
Dumping video Debbie_night_bridge_01.mpeg
Dumping video Wen-Ling_night_bridge_01.mpeg
Dumping video Debbie_night_bridge_01.mpeg
Dumping video Wen-Ling_night_bridge_01.mpeg
Dumping video Debbie_night_bridge_01.mpeg
Dumping video Wen-Ling_night_bridge_01.mpeg
Dumping video Debbie_night_bridge_01.mpeg
Dumping video Wen-Ling_night_bridge_01.mpeg
Dumping video Debbie_night_bridge_01.mpeg
turkic dump Debbie_night_bridge_01.mpeg  -o /root/vatic/data/backup/Debbie_night_bridge_01.mpeg _11:20-1114_2016.txt --merge --merge-threshold 0.5
turkic dump Wen-Ling_night_bridge_01.mpeg -o /root/vatic/data/backup/Wen-Ling_night_bridge_01.mpeg_11:20-1114_2016.txt --merge --merge-threshold 0.5
turkic dump Debbie_night_bridge_01.mpeg  -o /root/vatic/data/backup/Debbie_night_bridge_01.mpeg _13:20-1114_2016.txt --merge --merge-threshold 0.5
turkic dump Wen-Ling_night_bridge_01.mpeg -o /root/vatic/data/backup/Wen-Ling_night_bridge_01.mpeg_13:20-1114_2016.txt --merge --merge-threshold 0.5
turkic dump Debbie_night_bridge_01.mpeg  -o /root/vatic/data/backup/Debbie_night_bridge_01.mpeg _15:20-1114_2016.txt --merge --merge-threshold 0.5
turkic dump Wen-Ling_night_bridge_01.mpeg -o /root/vatic/data/backup/Wen-Ling_night_bridge_01.mpeg_15:20-1114_2016.txt --merge --merge-threshold 0.5
turkic dump Debbie_night_bridge_01.mpeg  -o /root/vatic/data/backup/Debbie_night_bridge_01.mpeg _17:20-1114_2016.txt --merge --merge-threshold 0.5
turkic dump Wen-Ling_night_bridge_01.mpeg -o /root/vatic/data/backup/Wen-Ling_night_bridge_01.mpeg_17:20-1114_2016.txt --merge --merge-threshold 0.5
turkic dump Debbie_night_bridge_01.mpeg  -o /root/vatic/data/backup/Debbie_night_bridge_01.mpeg _19:20-1114_2016.txt --merge --merge-threshold 0.5
turkic dump Wen-Ling_night_bridge_01.mpeg -o /root/vatic/data/backup/Wen-Ling_night_bridge_01.mpeg_19:20-1114_2016.txt --merge --merge-threshold 0.5
turkic dump Debbie_night_bridge_01.mpeg  -o /root/vatic/data/backup/Debbie_night_bridge_01.mpeg _21:20-1114_2016.txt --merge --merge-threshold 0.5
turkic dump Wen-Ling_night_bridge_01.mpeg -o /root/vatic/data/backup/Wen-Ling_night_bridge_01.mpeg_21:20-1114_2016.txt --merge --merge-threshold 0.5
turkic dump Debbie_night_bridge_01.mpeg  -o /root/vatic/data/backup/Debbie_night_bridge_01.mpeg _23:20-1114_2016.txt --merge --merge-threshold 0.5
turkic dump Wen-Ling_night_bridge_01.mpeg -o /root/vatic/data/backup/Wen-Ling_night_bridge_01.mpeg_23:20-1114_2016.txt --merge --merge-threshold 0.5
turkic dump Debbie_night_bridge_01.mpeg  -o /root/vatic/data/backup/Debbie_night_bridge_01.mpeg _01:20-1115_2016.txt --merge --merge-threshold 0.5
turkic dump Wen-Ling_night_bridge_01.mpeg -o /root/vatic/data/backup/Wen-Ling_night_bridge_01.mpeg_01:20-1115_2016.txt --merge --merge-threshold 0.5
turkic dump Debbie_night_bridge_01.mpeg  -o /root/vatic/data/backup/Debbie_night_bridge_01.mpeg _03:20-1115_2016.txt --merge --merge-threshold 0.5
turkic dump Wen-Ling_night_bridge_01.mpeg -o /root/vatic/data/backup/Wen-Ling_night_bridge_01.mpeg_03:20-1115_2016.txt --merge --merge-threshold 0.5
turkic dump Debbie_night_bridge_01.mpeg  -o /root/vatic/data/backup/Debbie_night_bridge_01.mpeg _05:20-1115_2016.txt --merge --merge-threshold 0.5
turkic dump Wen-Ling_night_bridge_01.mpeg -o /root/vatic/data/backup/Wen-Ling_night_bridge_01.mpeg_05:20-1115_2016.txt --merge --merge-threshold 0.5
turkic dump Debbie_night_bridge_01.mpeg  -o /root/vatic/data/backup/Debbie_night_bridge_01.mpeg _07:20-1115_2016.txt --merge --merge-threshold 0.5
turkic dump Wen-Ling_night_bridge_01.mpeg -o /root/vatic/data/backup/Wen-Ling_night_bridge_01.mpeg_07:20-1115_2016.txt --merge --merge-threshold 0.5
turkic dump Debbie_night_bridge_01.mpeg  -o /root/vatic/data/backup/Debbie_night_bridge_01.mpeg _09:20-1115_2016.txt --merge --merge-threshold 0.5
turkic dump Wen-Ling_night_bridge_01.mpeg -o /root/vatic/data/backup/Wen-Ling_night_bridge_01.mpeg_09:20-1115_2016.txt --merge --merge-threshold 0.5
turkic dump Debbie_night_bridge_01.mpeg  -o /root/vatic/data/backup/Debbie_night_bridge_01.mpeg _11:20-1115_2016.txt --merge --merge-threshold 0.5
turkic dump Wen-Ling_night_bridge_01.mpeg -o /root/vatic/data/backup/Wen-Ling_night_bridge_01.mpeg_11:20-1115_2016.txt --merge --merge-threshold 0.5
turkic dump Debbie_night_bridge_01.mpeg  -o /root/vatic/data/backup/Debbie_night_bridge_01.mpeg _13:20-1115_2016.txt --merge --merge-threshold 0.5
turkic dump Wen-Ling_night_bridge_01.mpeg -o /root/vatic/data/backup/Wen-Ling_night_bridge_01.mpeg_13Dumping video Wen-Ling_night_bridge_01.mpeg
Dumping video Debbie_night_bridge_01.mpeg
Dumping video Wen-Ling_night_bridge_01.mpeg
Dumping video Debbie_night_bridge_01.mpeg
Dumping video Wen-Ling_night_bridge_01.mpeg
Dumping video Debbie_night_bridge_01.mpeg
Dumping video Wen-Ling_night_bridge_01.mpeg
Dumping video Debbie_night_bridge_01.mpeg
Dumping video Wen-Ling_night_bridge_01.mpeg
Dumping video Debbie_night_bridge_01.mpeg
Dumping video Wen-Ling_night_bridge_01.mpeg
Dumping video Debbie_night_bridge_01.mpeg
Dumping video Wen-Ling_night_bridge_01.mpeg
Dumping video Debbie_night_bridge_01.mpeg
Dumping video Wen-Ling_night_bridge_01.mpeg
Dumping video Debbie_night_bridge_01.mpeg
Dumping video Wen-Ling_night_bridge_01.mpeg
Dumping video Debbie_night_bridge_01.mpeg
Dumping video Wen-Ling_night_bridge_01.mpeg
Dumping video Debbie_night_bridge_01.mpeg
Dumping video Wen-Ling_night_bridge_01.mpeg
